d:\高维向量匹配\vs_project\high_vector_lsh\high_vector_base\debug\vc140.pdb
d:\高维向量匹配\vs_project\high_vector_lsh\high_vector_base\debug\vc140.idb
d:\高维向量匹配\vs_project\high_vector_lsh\high_vector_base\debug\b_random.obj
d:\高维向量匹配\vs_project\high_vector_lsh\high_vector_base\debug\main.obj
d:\高维向量匹配\vs_project\high_vector_lsh\high_vector_base\debug\process.obj
d:\高维向量匹配\vs_project\high_vector_lsh\high_vector_base\debug\a_random.obj
d:\高维向量匹配\vs_project\high_vector_lsh\high_vector_base\debug\read_base.obj
d:\高维向量匹配\vs_project\high_vector_lsh\high_vector_base\debug\lsh.obj
d:\高维向量匹配\vs_project\high_vector_lsh\high_vector_base\debug\process1.obj
d:\高维向量匹配\vs_project\high_vector_lsh\high_vector_base\debug\random_make.obj
d:\高维向量匹配\vs_project\high_vector_lsh\high_vector_base\debug\k_random.obj
d:\高维向量匹配\vs_project\high_vector_lsh\high_vector_base\debug\hash_1.obj
d:\高维向量匹配\vs_project\high_vector_lsh\high_vector_base\debug\hash_2.obj
d:\高维向量匹配\vs_project\high_vector_lsh\debug\high_vector_base.ilk
d:\高维向量匹配\vs_project\high_vector_lsh\debug\high_vector_base.exe
d:\高维向量匹配\vs_project\high_vector_lsh\debug\high_vector_base.pdb
d:\高维向量匹配\vs_project\high_vector_lsh\high_vector_base\debug\high_vector_base.tlog\cl.command.1.tlog
d:\高维向量匹配\vs_project\high_vector_lsh\high_vector_base\debug\high_vector_base.tlog\cl.read.1.tlog
d:\高维向量匹配\vs_project\high_vector_lsh\high_vector_base\debug\high_vector_base.tlog\cl.write.1.tlog
d:\高维向量匹配\vs_project\high_vector_lsh\high_vector_base\debug\high_vector_base.tlog\link.command.1.tlog
d:\高维向量匹配\vs_project\high_vector_lsh\high_vector_base\debug\high_vector_base.tlog\link.read.1.tlog
d:\高维向量匹配\vs_project\high_vector_lsh\high_vector_base\debug\high_vector_base.tlog\link.write.1.tlog
